<?xml version="1.0" encoding="utf-8"?><testsuites name="pytest tests"><testsuite name="pytest" errors="0" failures="0" skipped="0" tests="32" time="2.825" timestamp="2026-08-25T17:10:40.596604+00:00" hostname="agent-env-745e7d3d-33a6-4643-a447-42a87618b1ef"><testcase classname="tests.backend_test.TestContexts" name="test_context_ok[salary_raise]" time="0.342" /><testcase classname="tests.backend_test.TestLadderOrdering" name="test_ladder_always_descending[batna_far_above_cap]" time="0.282" /><testcase classname="tests.backend_test.TestLadderOrdering" name="test_ladder_always_descending[batna_slightly_below_target]" time="0.083" /><testcase classname="tests.backend_test.TestContexts" name="test_context_ok[job_offer]" time="0.079" /><testcase classname="tests.backend_test.TestLadderOrdering" name="test_ladder_always_descending[huge_monthly_expense]" time="0.096" /><testcase classname="tests.backend_test.TestContexts" name="test_context_ok[business_deal]" time="0.082" /><testcase classname="tests.backend_test.TestLadderOrdering" name="test_ladder_always_descending[offer_only_no_current]" time="0.082" /><testcase classname="tests.backend_test.TestContexts" name="test_context_ok[freelance_rate]" time="0.097" /><testcase classname="tests.backend_test.TestLadderOrdering" name="test_ladder_always_descending[job_offer_ctx_batna_dominant]" time="0.107" /><testcase classname="tests.backend_test.TestContexts" name="test_context_ok[vendor]" time="0.086" /><testcase classname="tests.backend_test.TestLadderOrdering" name="test_ladder_always_descending[vendor_ctx_batna_dominant]" time="0.086" /><testcase classname="tests.backend_test.TestContexts" name="test_context_ok[other]" time="0.101" /><testcase classname="tests.backend_test.TestLadderOrdering" name="test_batna_superior_flag_and_note" time="0.091" /><testcase classname="tests.backend_test.TestContexts" name="test_non_monetary_and_counterpart_differ" time="0.510" /><testcase classname="tests.backend_test.TestLadderOrdering" name="test_normal_case_not_batna_superior" time="0.084" /><testcase classname="tests.backend_test.TestEdgeCases" name="test_empty_payload" time="0.090" /><testcase classname="tests.backend_test.TestEdgeCases" name="test_zopa_absent_when_batna_huge" time="0.105" /><testcase classname="tests.backend_test.TestEdgeCases" name="test_ladder_monotonic_when_batna_dominant" time="0.082" /><testcase classname="tests.backend_test.TestEdgeCases" name="test_invalid_context_falls_back" time="0.074" /><testcase classname="tests.backend_test.TestEdgeCases" name="test_bad_types_rejected" time="0.082" /><testcase classname="tests.backend_test.TestDynamicScoring" name="test_metrics_increase_p" time="0.166" /><testcase classname="tests.backend_test.TestEdgeCases" name="test_metric_zero_baseline_no_crash" time="0.088" /><testcase classname="tests.backend_test.TestAnalyzeStructure" name="test_full_payload_structure" time="0.078" /><testcase classname="tests.backend_test.TestDynamicScoring" name="test_achievements_increase_a" time="0.172" /><testcase classname="tests.backend_test.TestAnalyzeStructure" name="test_reality_cap_salary_raise" time="0.111" /><testcase classname="tests.backend_test.TestSessions" name="test_save_and_fetch" time="0.218" /><testcase classname="tests.backend_test.TestDynamicScoring" name="test_negative_timing_lowers_t" time="0.181" /><testcase classname="tests.backend_test.TestDynamicScoring" name="test_batna_alternative_raises_score_and_reservation" time="0.183" /><testcase classname="tests.backend_test.TestSessions" name="test_unknown_session_404" time="0.130" /><testcase classname="tests.backend_test.TestMeta" name="test_meta" time="0.181" /><testcase classname="tests.backend_test.TestDynamicScoring" name="test_comparison_pillar_reacts_to_market_data" time="0.170" /><testcase classname="tests.backend_test.TestDynamicScoring" name="test_reservation_never_below_current" time="0.083" /></testsuite></testsuites>