<?xml version="1.0" encoding="utf-8"?><testsuites name="pytest tests"><testsuite name="pytest" errors="0" failures="0" skipped="0" tests="25" time="1.717" timestamp="2026-08-26T07:04:10.655967+00:00" hostname="agent-env-745e7d3d-33a6-4643-a447-42a87618b1ef"><testcase classname="tests.backend_test.TestLanguage" name="test_en_has_no_indonesian" time="0.248" /><testcase classname="tests.backend_test.TestRegression" name="test_ladder_monotonic[0-salary_raise]" time="0.247" /><testcase classname="tests.backend_test.TestRegression" name="test_ladder_monotonic[0-job_offer]" time="0.046" /><testcase classname="tests.backend_test.TestLanguage" name="test_id_has_no_english" time="0.047" /><testcase classname="tests.backend_test.TestRegression" name="test_ladder_monotonic[0-business_deal]" time="0.043" /><testcase classname="tests.backend_test.TestLanguage" name="test_en_batna_note_and_staged_plan_language" time="0.054" /><testcase classname="tests.backend_test.TestRegression" name="test_ladder_monotonic[45000000-salary_raise]" time="0.046" /><testcase classname="tests.backend_test.TestLanguage" name="test_en_no_base_reason" time="0.049" /><testcase classname="tests.backend_test.TestRegression" name="test_ladder_monotonic[45000000-job_offer]" time="0.043" /><testcase classname="tests.backend_test.TestLanguage" name="test_id_no_base_reason" time="0.046" /><testcase classname="tests.backend_test.TestRegression" name="test_ladder_monotonic[45000000-business_deal]" time="0.044" /><testcase classname="tests.backend_test.TestHealthMeta" name="test_root" time="0.045" /><testcase classname="tests.backend_test.TestRegression" name="test_ladder_monotonic[500000000-salary_raise]" time="0.043" /><testcase classname="tests.backend_test.TestHealthMeta" name="test_meta_shape[id]" time="0.056" /><testcase classname="tests.backend_test.TestRegression" name="test_ladder_monotonic[500000000-job_offer]" time="0.044" /><testcase classname="tests.backend_test.TestHealthMeta" name="test_meta_shape[en]" time="0.062" /><testcase classname="tests.backend_test.TestRegression" name="test_ladder_monotonic[500000000-business_deal]" time="0.042" /><testcase classname="tests.backend_test.TestRegression" name="test_empty_labels_ignored_in_scores_and_script" time="0.044" /><testcase classname="tests.backend_test.TestHealthMeta" name="test_meta_labels_localised" time="0.130" /><testcase classname="tests.backend_test.TestRegression" name="test_persistence_session_roundtrip" time="0.152" /><testcase classname="tests.backend_test.TestContexts" name="test_contexts_differ" time="0.144" /><testcase classname="tests.backend_test.TestRegression" name="test_session_404" time="0.044" /><testcase classname="tests.backend_test.TestRegression" name="test_score_increases_with_data" time="0.084" /><testcase classname="tests.backend_test.TestContexts" name="test_unknown_context_fallback" time="0.047" /><testcase classname="tests.backend_test.TestContexts" name="test_cross_context_timing_key_ignored" time="0.142" /></testsuite></testsuites>